[debug] [2023-07-04T12:54:23.676Z] ----------------------------------------------------------------------
[debug] [2023-07-04T12:54:23.678Z] Command:       D:\Programms\node.exe C:\Users\X\AppData\Roaming\npm\node_modules\firebase-tools\lib\bin\firebase.js init
[debug] [2023-07-04T12:54:23.679Z] CLI Version:   12.4.2
[debug] [2023-07-04T12:54:23.679Z] Platform:      win32
[debug] [2023-07-04T12:54:23.679Z] Node Version:  v18.13.0
[debug] [2023-07-04T12:54:23.680Z] Time:          Tue Jul 04 2023 15:54:23 GMT+0300 (Москва, стандартное время)
[debug] [2023-07-04T12:54:23.680Z] ----------------------------------------------------------------------
[debug] 
[debug] [2023-07-04T12:54:23.687Z] > command requires scopes: ["email","openid","https://www.googleapis.com/auth/cloudplatformprojects.readonly","https://www.googleapis.com/auth/firebase","https://www.googleapis.com/auth/cloud-platform"]
[debug] [2023-07-04T12:54:23.687Z] > authorizing via signed-in user (surovmax03@gmail.com)
[info] 
     ######## #### ########  ######## ########     ###     ######  ########
     ##        ##  ##     ## ##       ##     ##  ##   ##  ##       ##
     ######    ##  ########  ######   ########  #########  ######  ######
     ##        ##  ##    ##  ##       ##     ## ##     ##       ## ##
     ##       #### ##     ## ######## ########  ##     ##  ######  ########

You're about to initialize a Firebase project in this directory:

  D:\JS\React Course - projs\module15

[info] 
=== Project Setup
[info] 
[info] First, let's associate this project directory with a Firebase project.
[info] You can create multiple project aliases by running firebase use --add, 
[info] but for now we'll just set up a default project.
[info] 
[debug] [2023-07-04T12:55:45.437Z] >>> [apiv2][query] GET https://firebase.googleapis.com/v1beta1/projects pageSize=100
[debug] [2023-07-04T12:55:45.971Z] <<< [apiv2][status] GET https://firebase.googleapis.com/v1beta1/projects 200
[debug] [2023-07-04T12:55:45.971Z] <<< [apiv2][body] GET https://firebase.googleapis.com/v1beta1/projects [omitted]
[info] i  Using project react-db-3113e (react-db) 
[info] 
=== Hosting Setup
[info] 
[info] Your public directory is the folder (relative to your project directory) that
[info] will contain Hosting assets to be uploaded with firebase deploy. If you
[info] have a build process for your assets, use your build's output directory.
[info] 
[info] +  Wrote public/404.html 
[debug] [2023-07-04T12:57:37.070Z] >>> [apiv2][query] GET https://www.gstatic.com/firebasejs/releases.json [none]
[debug] [2023-07-04T12:57:37.156Z] <<< [apiv2][status] GET https://www.gstatic.com/firebasejs/releases.json 200
[debug] [2023-07-04T12:57:37.156Z] <<< [apiv2][body] GET https://www.gstatic.com/firebasejs/releases.json {"current":{"version":"9.23.0","browserURL":"https://www.gstatic.com/firebasejs/9.23.0/firebase.js","packageURL":"https://www.gstatic.com/firebasejs/9.23.0/firebase.tgz"},"live":{"version":"9.23","browserURL":"https://www.gstatic.com/firebasejs/live/9.23/firebase.js","packageURL":"https://www.gstatic.com/firebasejs/live/9.23/firebase.tgz"},"components":{"analytics":"https://www.gstatic.com/firebasejs/9.23.0/firebase-analytics.js","app":"https://www.gstatic.com/firebasejs/9.23.0/firebase-app.js","app-check":"https://www.gstatic.com/firebasejs/9.23.0/firebase-app-check.js","auth":"https://www.gstatic.com/firebasejs/9.23.0/firebase-auth.js","auth/cordova":"https://www.gstatic.com/firebasejs/9.23.0/firebase-auth/cordova.js","auth/react-native":"https://www.gstatic.com/firebasejs/9.23.0/firebase-auth/react-native.js","functions":"https://www.gstatic.com/firebasejs/9.23.0/firebase-functions.js","firestore":"https://www.gstatic.com/firebasejs/9.23.0/firebase-firestore.js","firestore/lite":"https://www.gstatic.com/firebasejs/9.23.0/firebase-firestore/lite.js","installations":"https://www.gstatic.com/firebasejs/9.23.0/firebase-installations.js","storage":"https://www.gstatic.com/firebasejs/9.23.0/firebase-storage.js","performance":"https://www.gstatic.com/firebasejs/9.23.0/firebase-performance.js","remote-config":"https://www.gstatic.com/firebasejs/9.23.0/firebase-remote-config.js","messaging":"https://www.gstatic.com/firebasejs/9.23.0/firebase-messaging.js","messaging/sw":"https://www.gstatic.com/firebasejs/9.23.0/firebase-messaging/sw.js","database":"https://www.gstatic.com/firebasejs/9.23.0/firebase-database.js","firestore.memory":"https://www.gstatic.com/firebasejs/9.23.0/firebase-firestore.memory.js"}}
[info] i  Skipping write of public/index.html 
[info] 
[info] i  Detected a .git folder at D:\JS\React Course - projs\module15 
[info] i  Authorizing with GitHub to upload your service account to a GitHub repository's secrets store. 
[info] 
[info] Visit this URL on this device to log in:
[info] https://github.com/login/oauth/authorize?client_id=89cf50f02ac6aaed3484&state=342714560&redirect_uri=http%3A%2F%2Flocalhost%3A9005&scope=read%3Auser%20repo%20public_repo
[info] 
[info] Waiting for authentication...
[debug] [2023-07-04T12:58:52.150Z] >>> [apiv2][query] POST https://github.com/login/oauth/access_token [none]
[debug] [2023-07-04T12:58:52.150Z] >>> [apiv2][body] POST https://github.com/login/oauth/access_token [stream]
[debug] [2023-07-04T12:58:52.485Z] <<< [apiv2][status] POST https://github.com/login/oauth/access_token 200
[debug] [2023-07-04T12:58:52.485Z] <<< [apiv2][body] POST https://github.com/login/oauth/access_token {"access_token":"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","token_type":"bearer","scope":"read:user,repo"}
[debug] [2023-07-04T12:58:52.500Z] >>> [apiv2][query] GET https://api.github.com/user [none]
[debug] [2023-07-04T12:58:52.840Z] <<< [apiv2][status] GET https://api.github.com/user 200
[debug] [2023-07-04T12:58:52.840Z] <<< [apiv2][body] GET https://api.github.com/user {"login":"moximilian","id":63146466,"node_id":"MDQ6VXNlcjYzMTQ2NDY2","avatar_url":"https://avatars.githubusercontent.com/u/63146466?v=4","gravatar_id":"","url":"https://api.github.com/users/moximilian","html_url":"https://github.com/moximilian","followers_url":"https://api.github.com/users/moximilian/followers","following_url":"https://api.github.com/users/moximilian/following{/other_user}","gists_url":"https://api.github.com/users/moximilian/gists{/gist_id}","starred_url":"https://api.github.com/users/moximilian/starred{/owner}{/repo}","subscriptions_url":"https://api.github.com/users/moximilian/subscriptions","organizations_url":"https://api.github.com/users/moximilian/orgs","repos_url":"https://api.github.com/users/moximilian/repos","events_url":"https://api.github.com/users/moximilian/events{/privacy}","received_events_url":"https://api.github.com/users/moximilian/received_events","type":"User","site_admin":false,"name":"Maxim","company":null,"blog":"","location":"Russia,Moscow","email":null,"hireable":null,"bio":null,"twitter_username":null,"public_repos":9,"public_gists":0,"followers":0,"following":0,"created_at":"2020-04-04T09:56:32Z","updated_at":"2023-05-25T16:18:31Z","private_gists":0,"total_private_repos":3,"owned_private_repos":3,"disk_usage":274710,"collaborators":1,"two_factor_authentication":false,"plan":{"name":"free","space":976562499,"collaborators":0,"private_repos":10000}}
[info] 
[info] +  Success! Logged into GitHub as moximilian 
[info] 
